2020-02-26 === [HikariPool-1 housekeeper] === WARN  === com.zaxxer.hikari.pool.HikariPool ==== HikariPool-1 - Thread starvation or clock leap detected (housekeeper delta=3h22m1s500ms703µs700ns).
2020-02-26 === [HikariPool-1 housekeeper] === WARN  === com.zaxxer.hikari.pool.HikariPool ==== HikariPool-1 - Thread starvation or clock leap detected (housekeeper delta=7h50m37s439ms271µs500ns).
2020-02-26 === [http-nio-8086-exec-9] === DEBUG === c.h.s.s.mapper.MaintenanceMapper.queryAll ==== ==>  Preparing: select id, code, simple_name, full_name, description, entrance, order_no, status from maintenance 
2020-02-26 === [http-nio-8086-exec-9] === DEBUG === c.h.s.s.mapper.MaintenanceMapper.queryAll ==== ==> Parameters: 
2020-02-26 === [http-nio-8086-exec-9] === TRACE === c.h.s.s.mapper.MaintenanceMapper.queryAll ==== <==    Columns: id, code, simple_name, full_name, description, entrance, order_no, status
2020-02-26 === [http-nio-8086-exec-9] === TRACE === c.h.s.s.mapper.MaintenanceMapper.queryAll ==== <==        Row: 38, daddadasd, dasda, dasdasdas, dasdAS, local1, 123, disabled
2020-02-26 === [http-nio-8086-exec-9] === TRACE === c.h.s.s.mapper.MaintenanceMapper.queryAll ==== <==        Row: 39, Test1, test1, fullTest1, 日报, local1, 1, enable
2020-02-26 === [http-nio-8086-exec-9] === TRACE === c.h.s.s.mapper.MaintenanceMapper.queryAll ==== <==        Row: 40, Test1, test1, fullTest1, 日报, local1, 1, enable
2020-02-26 === [http-nio-8086-exec-9] === TRACE === c.h.s.s.mapper.MaintenanceMapper.queryAll ==== <==        Row: 41, Test1, test1, fullTest1, 日报, local1, 1, enable
2020-02-26 === [http-nio-8086-exec-9] === DEBUG === c.h.s.s.mapper.MaintenanceMapper.queryAll ==== <==      Total: 4
2020-02-26 === [HikariPool-1 housekeeper] === WARN  === com.zaxxer.hikari.pool.HikariPool ==== HikariPool-1 - Thread starvation or clock leap detected (housekeeper delta=5m9s669ms490µs400ns).
2020-02-26 === [SpringContextShutdownHook] === INFO  === o.s.scheduling.concurrent.ThreadPoolTaskExecutor ==== Shutting down ExecutorService 'applicationTaskExecutor'
2020-02-26 === [SpringContextShutdownHook] === INFO  === com.zaxxer.hikari.HikariDataSource ==== HikariPool-1 - Shutdown initiated...
2020-02-26 === [SpringContextShutdownHook] === INFO  === com.zaxxer.hikari.HikariDataSource ==== HikariPool-1 - Shutdown completed.
2020-02-26 === [restartedMain] === INFO  === c.h.s.s.SystemmaintenanceApplication ==== Starting SystemmaintenanceApplication on LAPTOP-RJ3QL4N2 with PID 20496 (started by FuLele in D:\Program Files\IDEAWorkSpace\systemmaintenance)
2020-02-26 === [restartedMain] === DEBUG === c.h.s.s.SystemmaintenanceApplication ==== Running with Spring Boot v2.2.4.RELEASE, Spring v5.2.3.RELEASE
2020-02-26 === [restartedMain] === INFO  === c.h.s.s.SystemmaintenanceApplication ==== The following profiles are active: dev
2020-02-26 === [restartedMain] === INFO  === o.s.b.d.env.DevToolsPropertyDefaultsPostProcessor ==== Devtools property defaults active! Set 'spring.devtools.add-properties' to 'false' to disable
2020-02-26 === [restartedMain] === INFO  === o.s.b.d.env.DevToolsPropertyDefaultsPostProcessor ==== For additional web related logging consider setting the 'logging.level.web' property to 'DEBUG'
2020-02-26 === [restartedMain] === INFO  === o.s.boot.web.embedded.tomcat.TomcatWebServer ==== Tomcat initialized with port(s): 8086 (http)
2020-02-26 === [restartedMain] === INFO  === org.apache.catalina.core.StandardService ==== Starting service [Tomcat]
2020-02-26 === [restartedMain] === INFO  === org.apache.catalina.core.StandardEngine ==== Starting Servlet engine: [Apache Tomcat/9.0.30]
2020-02-26 === [restartedMain] === INFO  === o.a.c.core.ContainerBase.[Tomcat].[localhost].[/] ==== Initializing Spring embedded WebApplicationContext
2020-02-26 === [restartedMain] === INFO  === org.springframework.web.context.ContextLoader ==== Root WebApplicationContext: initialization completed in 1080 ms
2020-02-26 === [restartedMain] === INFO  === o.s.scheduling.concurrent.ThreadPoolTaskExecutor ==== Initializing ExecutorService 'applicationTaskExecutor'
2020-02-26 === [restartedMain] === INFO  === o.s.b.d.autoconfigure.OptionalLiveReloadServer ==== LiveReload server is running on port 35729
2020-02-26 === [restartedMain] === INFO  === o.s.boot.web.embedded.tomcat.TomcatWebServer ==== Tomcat started on port(s): 8086 (http) with context path ''
2020-02-26 === [restartedMain] === INFO  === c.h.s.s.SystemmaintenanceApplication ==== Started SystemmaintenanceApplication in 59.853 seconds (JVM running for 61.233)
2020-02-26 === [http-nio-8086-exec-1] === INFO  === o.a.c.core.ContainerBase.[Tomcat].[localhost].[/] ==== Initializing Spring DispatcherServlet 'dispatcherServlet'
2020-02-26 === [http-nio-8086-exec-1] === INFO  === org.springframework.web.servlet.DispatcherServlet ==== Initializing Servlet 'dispatcherServlet'
2020-02-26 === [http-nio-8086-exec-1] === INFO  === org.springframework.web.servlet.DispatcherServlet ==== Completed initialization in 6 ms
2020-02-26 === [http-nio-8086-exec-8] === INFO  === com.zaxxer.hikari.HikariDataSource ==== HikariPool-1 - Starting...
2020-02-26 === [http-nio-8086-exec-8] === WARN  === com.zaxxer.hikari.util.DriverDataSource ==== Registered driver with driverClassName=com.mysql.jdbc.Driver was not found, trying direct instantiation.
2020-02-26 === [http-nio-8086-exec-8] === INFO  === com.zaxxer.hikari.HikariDataSource ==== HikariPool-1 - Start completed.
2020-02-26 === [http-nio-8086-exec-8] === DEBUG === c.h.s.s.mapper.MaintenanceMapper.queryAll ==== ==>  Preparing: select id, code, simple_name, full_name, description, entrance, order_no, status from maintenance 
2020-02-26 === [http-nio-8086-exec-10] === DEBUG === c.h.s.s.mapper.MaintenanceMapper.queryAll ==== ==>  Preparing: select id, code, simple_name, full_name, description, entrance, order_no, status from maintenance 
2020-02-26 === [http-nio-8086-exec-8] === DEBUG === c.h.s.s.mapper.MaintenanceMapper.queryAll ==== ==> Parameters: 
2020-02-26 === [http-nio-8086-exec-10] === DEBUG === c.h.s.s.mapper.MaintenanceMapper.queryAll ==== ==> Parameters: 
2020-02-26 === [http-nio-8086-exec-8] === TRACE === c.h.s.s.mapper.MaintenanceMapper.queryAll ==== <==    Columns: id, code, simple_name, full_name, description, entrance, order_no, status
2020-02-26 === [http-nio-8086-exec-10] === TRACE === c.h.s.s.mapper.MaintenanceMapper.queryAll ==== <==    Columns: id, code, simple_name, full_name, description, entrance, order_no, status
2020-02-26 === [http-nio-8086-exec-8] === TRACE === c.h.s.s.mapper.MaintenanceMapper.queryAll ==== <==        Row: 38, daddadasd, dasda, dasdasdas, dasdAS, local1, 123, disabled
2020-02-26 === [http-nio-8086-exec-10] === TRACE === c.h.s.s.mapper.MaintenanceMapper.queryAll ==== <==        Row: 38, daddadasd, dasda, dasdasdas, dasdAS, local1, 123, disabled
2020-02-26 === [http-nio-8086-exec-10] === TRACE === c.h.s.s.mapper.MaintenanceMapper.queryAll ==== <==        Row: 39, Test1, test1, fullTest1, 日报, local1, 1, enable
2020-02-26 === [http-nio-8086-exec-8] === TRACE === c.h.s.s.mapper.MaintenanceMapper.queryAll ==== <==        Row: 39, Test1, test1, fullTest1, 日报, local1, 1, enable
2020-02-26 === [http-nio-8086-exec-10] === TRACE === c.h.s.s.mapper.MaintenanceMapper.queryAll ==== <==        Row: 40, Test1, test1, fullTest1, 日报, local1, 1, enable
2020-02-26 === [http-nio-8086-exec-8] === TRACE === c.h.s.s.mapper.MaintenanceMapper.queryAll ==== <==        Row: 40, Test1, test1, fullTest1, 日报, local1, 1, enable
2020-02-26 === [http-nio-8086-exec-10] === TRACE === c.h.s.s.mapper.MaintenanceMapper.queryAll ==== <==        Row: 41, Test1, test1, fullTest1, 日报, local1, 1, enable
2020-02-26 === [http-nio-8086-exec-8] === TRACE === c.h.s.s.mapper.MaintenanceMapper.queryAll ==== <==        Row: 41, Test1, test1, fullTest1, 日报, local1, 1, enable
2020-02-26 === [http-nio-8086-exec-10] === DEBUG === c.h.s.s.mapper.MaintenanceMapper.queryAll ==== <==      Total: 4
2020-02-26 === [http-nio-8086-exec-8] === DEBUG === c.h.s.s.mapper.MaintenanceMapper.queryAll ==== <==      Total: 4
2020-02-26 === [http-nio-8086-exec-7] === DEBUG === c.h.s.s.m.MaintenanceMapper.selectByPrimaryKey ==== ==>  Preparing: select id, code, simple_name, full_name, description, entrance, order_no, status from maintenance where id = ? 
2020-02-26 === [http-nio-8086-exec-7] === DEBUG === c.h.s.s.m.MaintenanceMapper.selectByPrimaryKey ==== ==> Parameters: null
2020-02-26 === [http-nio-8086-exec-7] === DEBUG === c.h.s.s.m.MaintenanceMapper.selectByPrimaryKey ==== <==      Total: 0
2020-02-26 === [http-nio-8086-exec-5] === DEBUG === c.h.s.s.mapper.MaintenanceMapper.insert ==== ==>  Preparing: insert into maintenance (code, simple_name, full_name, description, entrance, order_no, status) values (?, ?, ?, ?, ?, ?, ?) 
2020-02-26 === [http-nio-8086-exec-5] === DEBUG === c.h.s.s.mapper.MaintenanceMapper.insert ==== ==> Parameters: fsdaf(String), test1(String), fullTest1(String), 周报(String), local1(String), 123(Integer), enable(String)
2020-02-26 === [http-nio-8086-exec-5] === DEBUG === c.h.s.s.mapper.MaintenanceMapper.insert ==== <==    Updates: 1
2020-02-26 === [http-nio-8086-exec-5] === DEBUG === c.h.s.s.mapper.MaintenanceMapper.queryAll ==== ==>  Preparing: select id, code, simple_name, full_name, description, entrance, order_no, status from maintenance 
2020-02-26 === [http-nio-8086-exec-5] === DEBUG === c.h.s.s.mapper.MaintenanceMapper.queryAll ==== ==> Parameters: 
2020-02-26 === [http-nio-8086-exec-5] === TRACE === c.h.s.s.mapper.MaintenanceMapper.queryAll ==== <==    Columns: id, code, simple_name, full_name, description, entrance, order_no, status
2020-02-26 === [http-nio-8086-exec-5] === TRACE === c.h.s.s.mapper.MaintenanceMapper.queryAll ==== <==        Row: 38, daddadasd, dasda, dasdasdas, dasdAS, local1, 123, disabled
2020-02-26 === [http-nio-8086-exec-5] === TRACE === c.h.s.s.mapper.MaintenanceMapper.queryAll ==== <==        Row: 39, Test1, test1, fullTest1, 日报, local1, 1, enable
2020-02-26 === [http-nio-8086-exec-5] === TRACE === c.h.s.s.mapper.MaintenanceMapper.queryAll ==== <==        Row: 40, Test1, test1, fullTest1, 日报, local1, 1, enable
2020-02-26 === [http-nio-8086-exec-5] === TRACE === c.h.s.s.mapper.MaintenanceMapper.queryAll ==== <==        Row: 41, Test1, test1, fullTest1, 日报, local1, 1, enable
2020-02-26 === [http-nio-8086-exec-5] === TRACE === c.h.s.s.mapper.MaintenanceMapper.queryAll ==== <==        Row: 42, fsdaf, test1, fullTest1, 周报, local1, 123, enable
2020-02-26 === [http-nio-8086-exec-5] === DEBUG === c.h.s.s.mapper.MaintenanceMapper.queryAll ==== <==      Total: 5
2020-02-26 === [HikariPool-1 housekeeper] === WARN  === com.zaxxer.hikari.pool.HikariPool ==== HikariPool-1 - Thread starvation or clock leap detected (housekeeper delta=3m4s47ms154µs700ns).
2020-02-26 === [SpringContextShutdownHook] === INFO  === o.s.scheduling.concurrent.ThreadPoolTaskExecutor ==== Shutting down ExecutorService 'applicationTaskExecutor'
2020-02-26 === [SpringContextShutdownHook] === INFO  === com.zaxxer.hikari.HikariDataSource ==== HikariPool-1 - Shutdown initiated...
2020-02-26 === [SpringContextShutdownHook] === INFO  === com.zaxxer.hikari.HikariDataSource ==== HikariPool-1 - Shutdown completed.
2020-02-26 === [restartedMain] === INFO  === c.h.s.s.SystemmaintenanceApplication ==== Starting SystemmaintenanceApplication on LAPTOP-RJ3QL4N2 with PID 17820 (started by FuLele in D:\Program Files\IDEAWorkSpace\systemmaintenance)
2020-02-26 === [restartedMain] === DEBUG === c.h.s.s.SystemmaintenanceApplication ==== Running with Spring Boot v2.2.4.RELEASE, Spring v5.2.3.RELEASE
2020-02-26 === [restartedMain] === INFO  === c.h.s.s.SystemmaintenanceApplication ==== The following profiles are active: dev
2020-02-26 === [restartedMain] === INFO  === o.s.b.d.env.DevToolsPropertyDefaultsPostProcessor ==== Devtools property defaults active! Set 'spring.devtools.add-properties' to 'false' to disable
2020-02-26 === [restartedMain] === INFO  === o.s.b.d.env.DevToolsPropertyDefaultsPostProcessor ==== For additional web related logging consider setting the 'logging.level.web' property to 'DEBUG'
2020-02-26 === [restartedMain] === INFO  === o.s.boot.web.embedded.tomcat.TomcatWebServer ==== Tomcat initialized with port(s): 8086 (http)
2020-02-26 === [restartedMain] === INFO  === org.apache.catalina.core.StandardService ==== Starting service [Tomcat]
2020-02-26 === [restartedMain] === INFO  === org.apache.catalina.core.StandardEngine ==== Starting Servlet engine: [Apache Tomcat/9.0.30]
2020-02-26 === [restartedMain] === INFO  === o.a.c.core.ContainerBase.[Tomcat].[localhost].[/] ==== Initializing Spring embedded WebApplicationContext
2020-02-26 === [restartedMain] === INFO  === org.springframework.web.context.ContextLoader ==== Root WebApplicationContext: initialization completed in 1081 ms
2020-02-26 === [restartedMain] === INFO  === o.s.scheduling.concurrent.ThreadPoolTaskExecutor ==== Initializing ExecutorService 'applicationTaskExecutor'
2020-02-26 === [restartedMain] === INFO  === o.s.b.d.autoconfigure.OptionalLiveReloadServer ==== LiveReload server is running on port 35729
2020-02-26 === [restartedMain] === INFO  === o.s.boot.web.embedded.tomcat.TomcatWebServer ==== Tomcat started on port(s): 8086 (http) with context path ''
2020-02-26 === [restartedMain] === INFO  === c.h.s.s.SystemmaintenanceApplication ==== Started SystemmaintenanceApplication in 8.39 seconds (JVM running for 10.032)
2020-02-26 === [http-nio-8086-exec-1] === INFO  === o.a.c.core.ContainerBase.[Tomcat].[localhost].[/] ==== Initializing Spring DispatcherServlet 'dispatcherServlet'
2020-02-26 === [http-nio-8086-exec-1] === INFO  === org.springframework.web.servlet.DispatcherServlet ==== Initializing Servlet 'dispatcherServlet'
2020-02-26 === [http-nio-8086-exec-1] === INFO  === org.springframework.web.servlet.DispatcherServlet ==== Completed initialization in 5 ms
2020-02-26 === [http-nio-8086-exec-1] === WARN  === o.s.w.s.m.support.DefaultHandlerExceptionResolver ==== Resolved [org.springframework.web.HttpRequestMethodNotSupportedException: Request method 'POST' not supported]
2020-02-26 === [http-nio-8086-exec-7] === INFO  === com.zaxxer.hikari.HikariDataSource ==== HikariPool-1 - Starting...
2020-02-26 === [http-nio-8086-exec-7] === WARN  === com.zaxxer.hikari.util.DriverDataSource ==== Registered driver with driverClassName=com.mysql.jdbc.Driver was not found, trying direct instantiation.
2020-02-26 === [http-nio-8086-exec-7] === INFO  === com.zaxxer.hikari.HikariDataSource ==== HikariPool-1 - Start completed.
2020-02-26 === [http-nio-8086-exec-7] === DEBUG === c.h.s.s.mapper.MaintenanceMapper.queryAll ==== ==>  Preparing: select id, code, simple_name, full_name, description, entrance, order_no, status from maintenance 
2020-02-26 === [http-nio-8086-exec-7] === DEBUG === c.h.s.s.mapper.MaintenanceMapper.queryAll ==== ==> Parameters: 
2020-02-26 === [http-nio-8086-exec-7] === TRACE === c.h.s.s.mapper.MaintenanceMapper.queryAll ==== <==    Columns: id, code, simple_name, full_name, description, entrance, order_no, status
2020-02-26 === [http-nio-8086-exec-7] === TRACE === c.h.s.s.mapper.MaintenanceMapper.queryAll ==== <==        Row: 38, daddadasd, dasda, dasdasdas, dasdAS, local1, 123, disabled
2020-02-26 === [http-nio-8086-exec-7] === TRACE === c.h.s.s.mapper.MaintenanceMapper.queryAll ==== <==        Row: 39, Test1, test1, fullTest1, 日报, local1, 1, enable
2020-02-26 === [http-nio-8086-exec-7] === TRACE === c.h.s.s.mapper.MaintenanceMapper.queryAll ==== <==        Row: 40, Test1, test1, fullTest1, 日报, local1, 1, enable
2020-02-26 === [http-nio-8086-exec-7] === TRACE === c.h.s.s.mapper.MaintenanceMapper.queryAll ==== <==        Row: 41, Test1, test1, fullTest1, 日报, local1, 1, enable
2020-02-26 === [http-nio-8086-exec-7] === TRACE === c.h.s.s.mapper.MaintenanceMapper.queryAll ==== <==        Row: 42, fsdaf, test1, fullTest1, 周报, local1, 123, enable
2020-02-26 === [http-nio-8086-exec-7] === DEBUG === c.h.s.s.mapper.MaintenanceMapper.queryAll ==== <==      Total: 5
2020-02-26 === [http-nio-8086-exec-2] === DEBUG === c.h.s.s.m.MaintenanceMapper.selectByPrimaryKey ==== ==>  Preparing: select id, code, simple_name, full_name, description, entrance, order_no, status from maintenance where id = ? 
2020-02-26 === [http-nio-8086-exec-2] === DEBUG === c.h.s.s.m.MaintenanceMapper.selectByPrimaryKey ==== ==> Parameters: null
2020-02-26 === [http-nio-8086-exec-2] === DEBUG === c.h.s.s.m.MaintenanceMapper.selectByPrimaryKey ==== <==      Total: 0
2020-02-26 === [http-nio-8086-exec-4] === DEBUG === c.h.s.s.mapper.MaintenanceMapper.insert ==== ==>  Preparing: insert into maintenance (code, simple_name, full_name, description, entrance, order_no, status) values (?, ?, ?, ?, ?, ?, ?) 
2020-02-26 === [http-nio-8086-exec-4] === DEBUG === c.h.s.s.mapper.MaintenanceMapper.insert ==== ==> Parameters: (String), (String), (String), (String), (String), null, enable(String)
2020-02-26 === [http-nio-8086-exec-4] === DEBUG === c.h.s.s.mapper.MaintenanceMapper.insert ==== <==    Updates: 1
2020-02-26 === [http-nio-8086-exec-4] === DEBUG === c.h.s.s.mapper.MaintenanceMapper.queryAll ==== ==>  Preparing: select id, code, simple_name, full_name, description, entrance, order_no, status from maintenance 
2020-02-26 === [http-nio-8086-exec-4] === DEBUG === c.h.s.s.mapper.MaintenanceMapper.queryAll ==== ==> Parameters: 
2020-02-26 === [http-nio-8086-exec-4] === TRACE === c.h.s.s.mapper.MaintenanceMapper.queryAll ==== <==    Columns: id, code, simple_name, full_name, description, entrance, order_no, status
2020-02-26 === [http-nio-8086-exec-4] === TRACE === c.h.s.s.mapper.MaintenanceMapper.queryAll ==== <==        Row: 38, daddadasd, dasda, dasdasdas, dasdAS, local1, 123, disabled
2020-02-26 === [http-nio-8086-exec-4] === TRACE === c.h.s.s.mapper.MaintenanceMapper.queryAll ==== <==        Row: 39, Test1, test1, fullTest1, 日报, local1, 1, enable
2020-02-26 === [http-nio-8086-exec-4] === TRACE === c.h.s.s.mapper.MaintenanceMapper.queryAll ==== <==        Row: 40, Test1, test1, fullTest1, 日报, local1, 1, enable
2020-02-26 === [http-nio-8086-exec-4] === TRACE === c.h.s.s.mapper.MaintenanceMapper.queryAll ==== <==        Row: 41, Test1, test1, fullTest1, 日报, local1, 1, enable
2020-02-26 === [http-nio-8086-exec-4] === TRACE === c.h.s.s.mapper.MaintenanceMapper.queryAll ==== <==        Row: 42, fsdaf, test1, fullTest1, 周报, local1, 123, enable
2020-02-26 === [http-nio-8086-exec-4] === TRACE === c.h.s.s.mapper.MaintenanceMapper.queryAll ==== <==        Row: 43, , , , , , null, enable
2020-02-26 === [http-nio-8086-exec-4] === DEBUG === c.h.s.s.mapper.MaintenanceMapper.queryAll ==== <==      Total: 6
2020-02-26 === [http-nio-8086-exec-9] === DEBUG === c.h.s.s.m.MaintenanceMapper.selectByPrimaryKey ==== ==>  Preparing: select id, code, simple_name, full_name, description, entrance, order_no, status from maintenance where id = ? 
2020-02-26 === [http-nio-8086-exec-9] === DEBUG === c.h.s.s.m.MaintenanceMapper.selectByPrimaryKey ==== ==> Parameters: null
2020-02-26 === [http-nio-8086-exec-9] === DEBUG === c.h.s.s.m.MaintenanceMapper.selectByPrimaryKey ==== <==      Total: 0
2020-02-26 === [SpringContextShutdownHook] === INFO  === o.s.scheduling.concurrent.ThreadPoolTaskExecutor ==== Shutting down ExecutorService 'applicationTaskExecutor'
2020-02-26 === [SpringContextShutdownHook] === INFO  === com.zaxxer.hikari.HikariDataSource ==== HikariPool-1 - Shutdown initiated...
2020-02-26 === [SpringContextShutdownHook] === INFO  === com.zaxxer.hikari.HikariDataSource ==== HikariPool-1 - Shutdown completed.
2020-02-26 === [restartedMain] === INFO  === c.h.s.s.SystemmaintenanceApplication ==== Starting SystemmaintenanceApplication on LAPTOP-RJ3QL4N2 with PID 27868 (started by FuLele in D:\Program Files\IDEAWorkSpace\systemmaintenance)
2020-02-26 === [restartedMain] === DEBUG === c.h.s.s.SystemmaintenanceApplication ==== Running with Spring Boot v2.2.4.RELEASE, Spring v5.2.3.RELEASE
2020-02-26 === [restartedMain] === INFO  === c.h.s.s.SystemmaintenanceApplication ==== The following profiles are active: dev
2020-02-26 === [restartedMain] === INFO  === o.s.b.d.env.DevToolsPropertyDefaultsPostProcessor ==== Devtools property defaults active! Set 'spring.devtools.add-properties' to 'false' to disable
2020-02-26 === [restartedMain] === INFO  === o.s.b.d.env.DevToolsPropertyDefaultsPostProcessor ==== For additional web related logging consider setting the 'logging.level.web' property to 'DEBUG'
2020-02-26 === [restartedMain] === INFO  === o.s.boot.web.embedded.tomcat.TomcatWebServer ==== Tomcat initialized with port(s): 8086 (http)
2020-02-26 === [restartedMain] === INFO  === org.apache.catalina.core.StandardService ==== Starting service [Tomcat]
2020-02-26 === [restartedMain] === INFO  === org.apache.catalina.core.StandardEngine ==== Starting Servlet engine: [Apache Tomcat/9.0.30]
2020-02-26 === [restartedMain] === INFO  === o.a.c.core.ContainerBase.[Tomcat].[localhost].[/] ==== Initializing Spring embedded WebApplicationContext
2020-02-26 === [restartedMain] === INFO  === org.springframework.web.context.ContextLoader ==== Root WebApplicationContext: initialization completed in 1127 ms
2020-02-26 === [restartedMain] === INFO  === o.s.scheduling.concurrent.ThreadPoolTaskExecutor ==== Initializing ExecutorService 'applicationTaskExecutor'
2020-02-26 === [restartedMain] === INFO  === o.s.b.d.autoconfigure.OptionalLiveReloadServer ==== LiveReload server is running on port 35729
2020-02-26 === [restartedMain] === INFO  === o.s.boot.web.embedded.tomcat.TomcatWebServer ==== Tomcat started on port(s): 8086 (http) with context path ''
2020-02-26 === [restartedMain] === INFO  === c.h.s.s.SystemmaintenanceApplication ==== Started SystemmaintenanceApplication in 2.536 seconds (JVM running for 4.126)
2020-02-26 === [http-nio-8086-exec-1] === INFO  === o.a.c.core.ContainerBase.[Tomcat].[localhost].[/] ==== Initializing Spring DispatcherServlet 'dispatcherServlet'
2020-02-26 === [http-nio-8086-exec-1] === INFO  === org.springframework.web.servlet.DispatcherServlet ==== Initializing Servlet 'dispatcherServlet'
2020-02-26 === [http-nio-8086-exec-1] === INFO  === org.springframework.web.servlet.DispatcherServlet ==== Completed initialization in 4 ms
2020-02-26 === [http-nio-8086-exec-7] === INFO  === com.zaxxer.hikari.HikariDataSource ==== HikariPool-1 - Starting...
2020-02-26 === [http-nio-8086-exec-7] === WARN  === com.zaxxer.hikari.util.DriverDataSource ==== Registered driver with driverClassName=com.mysql.jdbc.Driver was not found, trying direct instantiation.
2020-02-26 === [http-nio-8086-exec-7] === INFO  === com.zaxxer.hikari.HikariDataSource ==== HikariPool-1 - Start completed.
2020-02-26 === [http-nio-8086-exec-7] === DEBUG === c.h.s.s.mapper.MaintenanceMapper.queryAll ==== ==>  Preparing: select id, code, simple_name, full_name, description, entrance, order_no, status from maintenance 
2020-02-26 === [http-nio-8086-exec-7] === DEBUG === c.h.s.s.mapper.MaintenanceMapper.queryAll ==== ==> Parameters: 
2020-02-26 === [http-nio-8086-exec-7] === TRACE === c.h.s.s.mapper.MaintenanceMapper.queryAll ==== <==    Columns: id, code, simple_name, full_name, description, entrance, order_no, status
2020-02-26 === [http-nio-8086-exec-7] === TRACE === c.h.s.s.mapper.MaintenanceMapper.queryAll ==== <==        Row: 38, daddadasd, dasda, dasdasdas, dasdAS, local1, 123, disabled
2020-02-26 === [http-nio-8086-exec-7] === TRACE === c.h.s.s.mapper.MaintenanceMapper.queryAll ==== <==        Row: 39, Test1, test1, fullTest1, 日报, local1, 1, enable
2020-02-26 === [http-nio-8086-exec-7] === TRACE === c.h.s.s.mapper.MaintenanceMapper.queryAll ==== <==        Row: 40, Test1, test1, fullTest1, 日报, local1, 1, enable
2020-02-26 === [http-nio-8086-exec-7] === TRACE === c.h.s.s.mapper.MaintenanceMapper.queryAll ==== <==        Row: 41, Test1, test1, fullTest1, 日报, local1, 1, enable
2020-02-26 === [http-nio-8086-exec-7] === TRACE === c.h.s.s.mapper.MaintenanceMapper.queryAll ==== <==        Row: 42, fsdaf, test1, fullTest1, 周报, local1, 123, enable
2020-02-26 === [http-nio-8086-exec-7] === TRACE === c.h.s.s.mapper.MaintenanceMapper.queryAll ==== <==        Row: 43, , , , , , null, enable
2020-02-26 === [http-nio-8086-exec-7] === DEBUG === c.h.s.s.mapper.MaintenanceMapper.queryAll ==== <==      Total: 6
2020-02-26 === [http-nio-8086-exec-3] === DEBUG === c.h.s.s.m.MaintenanceMapper.selectByPrimaryKey ==== ==>  Preparing: select id, code, simple_name, full_name, description, entrance, order_no, status from maintenance where id = ? 
2020-02-26 === [http-nio-8086-exec-3] === DEBUG === c.h.s.s.m.MaintenanceMapper.selectByPrimaryKey ==== ==> Parameters: null
2020-02-26 === [http-nio-8086-exec-3] === DEBUG === c.h.s.s.m.MaintenanceMapper.selectByPrimaryKey ==== <==      Total: 0
2020-02-26 === [SpringContextShutdownHook] === INFO  === o.s.scheduling.concurrent.ThreadPoolTaskExecutor ==== Shutting down ExecutorService 'applicationTaskExecutor'
2020-02-26 === [SpringContextShutdownHook] === INFO  === com.zaxxer.hikari.HikariDataSource ==== HikariPool-1 - Shutdown initiated...
2020-02-26 === [SpringContextShutdownHook] === INFO  === com.zaxxer.hikari.HikariDataSource ==== HikariPool-1 - Shutdown completed.
2020-02-26 === [restartedMain] === INFO  === c.h.s.s.SystemmaintenanceApplication ==== Starting SystemmaintenanceApplication on LAPTOP-RJ3QL4N2 with PID 9828 (started by FuLele in D:\Program Files\IDEAWorkSpace\systemmaintenance)
2020-02-26 === [restartedMain] === DEBUG === c.h.s.s.SystemmaintenanceApplication ==== Running with Spring Boot v2.2.4.RELEASE, Spring v5.2.3.RELEASE
2020-02-26 === [restartedMain] === INFO  === c.h.s.s.SystemmaintenanceApplication ==== The following profiles are active: dev
2020-02-26 === [restartedMain] === INFO  === o.s.b.d.env.DevToolsPropertyDefaultsPostProcessor ==== Devtools property defaults active! Set 'spring.devtools.add-properties' to 'false' to disable
2020-02-26 === [restartedMain] === INFO  === o.s.b.d.env.DevToolsPropertyDefaultsPostProcessor ==== For additional web related logging consider setting the 'logging.level.web' property to 'DEBUG'
2020-02-26 === [restartedMain] === INFO  === o.s.boot.web.embedded.tomcat.TomcatWebServer ==== Tomcat initialized with port(s): 8086 (http)
2020-02-26 === [restartedMain] === INFO  === org.apache.catalina.core.StandardService ==== Starting service [Tomcat]
2020-02-26 === [restartedMain] === INFO  === org.apache.catalina.core.StandardEngine ==== Starting Servlet engine: [Apache Tomcat/9.0.30]
2020-02-26 === [restartedMain] === INFO  === o.a.c.core.ContainerBase.[Tomcat].[localhost].[/] ==== Initializing Spring embedded WebApplicationContext
2020-02-26 === [restartedMain] === INFO  === org.springframework.web.context.ContextLoader ==== Root WebApplicationContext: initialization completed in 1151 ms
2020-02-26 === [restartedMain] === INFO  === o.s.scheduling.concurrent.ThreadPoolTaskExecutor ==== Initializing ExecutorService 'applicationTaskExecutor'
2020-02-26 === [restartedMain] === INFO  === o.s.b.d.autoconfigure.OptionalLiveReloadServer ==== LiveReload server is running on port 35729
2020-02-26 === [restartedMain] === INFO  === o.s.boot.web.embedded.tomcat.TomcatWebServer ==== Tomcat started on port(s): 8086 (http) with context path ''
2020-02-26 === [restartedMain] === INFO  === c.h.s.s.SystemmaintenanceApplication ==== Started SystemmaintenanceApplication in 2.593 seconds (JVM running for 4.511)
2020-02-26 === [http-nio-8086-exec-1] === INFO  === o.a.c.core.ContainerBase.[Tomcat].[localhost].[/] ==== Initializing Spring DispatcherServlet 'dispatcherServlet'
2020-02-26 === [http-nio-8086-exec-1] === INFO  === org.springframework.web.servlet.DispatcherServlet ==== Initializing Servlet 'dispatcherServlet'
2020-02-26 === [http-nio-8086-exec-1] === INFO  === org.springframework.web.servlet.DispatcherServlet ==== Completed initialization in 5 ms
2020-02-26 === [http-nio-8086-exec-1] === INFO  === com.zaxxer.hikari.HikariDataSource ==== HikariPool-1 - Starting...
2020-02-26 === [http-nio-8086-exec-1] === WARN  === com.zaxxer.hikari.util.DriverDataSource ==== Registered driver with driverClassName=com.mysql.jdbc.Driver was not found, trying direct instantiation.
2020-02-26 === [http-nio-8086-exec-1] === INFO  === com.zaxxer.hikari.HikariDataSource ==== HikariPool-1 - Start completed.
2020-02-26 === [http-nio-8086-exec-1] === DEBUG === c.h.s.s.m.MaintenanceMapper.selectByPrimaryKey ==== ==>  Preparing: select id, code, simple_name, full_name, description, entrance, order_no, status from maintenance where id = ? 
2020-02-26 === [http-nio-8086-exec-1] === DEBUG === c.h.s.s.m.MaintenanceMapper.selectByPrimaryKey ==== ==> Parameters: null
2020-02-26 === [http-nio-8086-exec-1] === DEBUG === c.h.s.s.m.MaintenanceMapper.selectByPrimaryKey ==== <==      Total: 0
2020-02-26 === [http-nio-8086-exec-9] === DEBUG === c.h.s.s.mapper.MaintenanceMapper.queryAll ==== ==>  Preparing: select id, code, simple_name, full_name, description, entrance, order_no, status from maintenance 
2020-02-26 === [http-nio-8086-exec-9] === DEBUG === c.h.s.s.mapper.MaintenanceMapper.queryAll ==== ==> Parameters: 
2020-02-26 === [http-nio-8086-exec-9] === TRACE === c.h.s.s.mapper.MaintenanceMapper.queryAll ==== <==    Columns: id, code, simple_name, full_name, description, entrance, order_no, status
2020-02-26 === [http-nio-8086-exec-9] === TRACE === c.h.s.s.mapper.MaintenanceMapper.queryAll ==== <==        Row: 38, daddadasd, dasda, dasdasdas, dasdAS, local1, 123, disabled
2020-02-26 === [http-nio-8086-exec-9] === TRACE === c.h.s.s.mapper.MaintenanceMapper.queryAll ==== <==        Row: 39, Test1, test1, fullTest1, 日报, local1, 1, enable
2020-02-26 === [http-nio-8086-exec-9] === TRACE === c.h.s.s.mapper.MaintenanceMapper.queryAll ==== <==        Row: 40, Test1, test1, fullTest1, 日报, local1, 1, enable
2020-02-26 === [http-nio-8086-exec-9] === TRACE === c.h.s.s.mapper.MaintenanceMapper.queryAll ==== <==        Row: 41, Test1, test1, fullTest1, 日报, local1, 1, enable
2020-02-26 === [http-nio-8086-exec-9] === TRACE === c.h.s.s.mapper.MaintenanceMapper.queryAll ==== <==        Row: 42, fsdaf, test1, fullTest1, 周报, local1, 123, enable
2020-02-26 === [http-nio-8086-exec-9] === TRACE === c.h.s.s.mapper.MaintenanceMapper.queryAll ==== <==        Row: 43, , , , , , null, enable
2020-02-26 === [http-nio-8086-exec-9] === DEBUG === c.h.s.s.mapper.MaintenanceMapper.queryAll ==== <==      Total: 6
2020-02-26 === [Thread-10] === INFO  === o.s.scheduling.concurrent.ThreadPoolTaskExecutor ==== Shutting down ExecutorService 'applicationTaskExecutor'
2020-02-26 === [Thread-10] === INFO  === com.zaxxer.hikari.HikariDataSource ==== HikariPool-1 - Shutdown initiated...
2020-02-26 === [Thread-10] === INFO  === com.zaxxer.hikari.HikariDataSource ==== HikariPool-1 - Shutdown completed.
2020-02-26 === [restartedMain] === INFO  === c.h.s.s.SystemmaintenanceApplication ==== Starting SystemmaintenanceApplication on LAPTOP-RJ3QL4N2 with PID 9828 (started by FuLele in D:\Program Files\IDEAWorkSpace\systemmaintenance)
2020-02-26 === [restartedMain] === DEBUG === c.h.s.s.SystemmaintenanceApplication ==== Running with Spring Boot v2.2.4.RELEASE, Spring v5.2.3.RELEASE
2020-02-26 === [restartedMain] === INFO  === c.h.s.s.SystemmaintenanceApplication ==== The following profiles are active: dev
2020-02-26 === [restartedMain] === INFO  === o.s.boot.web.embedded.tomcat.TomcatWebServer ==== Tomcat initialized with port(s): 8086 (http)
2020-02-26 === [restartedMain] === INFO  === org.apache.catalina.core.StandardService ==== Starting service [Tomcat]
2020-02-26 === [restartedMain] === INFO  === org.apache.catalina.core.StandardEngine ==== Starting Servlet engine: [Apache Tomcat/9.0.30]
2020-02-26 === [restartedMain] === INFO  === o.a.c.core.ContainerBase.[Tomcat].[localhost].[/] ==== Initializing Spring embedded WebApplicationContext
2020-02-26 === [restartedMain] === INFO  === org.springframework.web.context.ContextLoader ==== Root WebApplicationContext: initialization completed in 327 ms
2020-02-26 === [restartedMain] === INFO  === o.s.scheduling.concurrent.ThreadPoolTaskExecutor ==== Initializing ExecutorService 'applicationTaskExecutor'
2020-02-26 === [restartedMain] === INFO  === o.s.b.d.autoconfigure.OptionalLiveReloadServer ==== LiveReload server is running on port 35729
2020-02-26 === [restartedMain] === INFO  === o.s.boot.web.embedded.tomcat.TomcatWebServer ==== Tomcat started on port(s): 8086 (http) with context path ''
2020-02-26 === [restartedMain] === INFO  === c.h.s.s.SystemmaintenanceApplication ==== Started SystemmaintenanceApplication in 0.553 seconds (JVM running for 39.009)
2020-02-26 === [restartedMain] === INFO  === o.s.b.d.a.ConditionEvaluationDeltaLoggingListener ==== Condition evaluation unchanged
2020-02-26 === [http-nio-8086-exec-1] === INFO  === o.a.c.core.ContainerBase.[Tomcat].[localhost].[/] ==== Initializing Spring DispatcherServlet 'dispatcherServlet'
2020-02-26 === [http-nio-8086-exec-1] === INFO  === org.springframework.web.servlet.DispatcherServlet ==== Initializing Servlet 'dispatcherServlet'
2020-02-26 === [http-nio-8086-exec-1] === INFO  === org.springframework.web.servlet.DispatcherServlet ==== Completed initialization in 8 ms
2020-02-26 === [http-nio-8086-exec-1] === INFO  === com.zaxxer.hikari.HikariDataSource ==== HikariPool-2 - Starting...
2020-02-26 === [http-nio-8086-exec-1] === WARN  === com.zaxxer.hikari.util.DriverDataSource ==== Registered driver with driverClassName=com.mysql.jdbc.Driver was not found, trying direct instantiation.
2020-02-26 === [http-nio-8086-exec-1] === INFO  === com.zaxxer.hikari.HikariDataSource ==== HikariPool-2 - Start completed.
2020-02-26 === [http-nio-8086-exec-1] === DEBUG === c.h.s.s.mapper.MaintenanceMapper.queryAll ==== ==>  Preparing: select id, code, simple_name, full_name, description, entrance, order_no, status from maintenance 
2020-02-26 === [http-nio-8086-exec-1] === DEBUG === c.h.s.s.mapper.MaintenanceMapper.queryAll ==== ==> Parameters: 
2020-02-26 === [http-nio-8086-exec-1] === TRACE === c.h.s.s.mapper.MaintenanceMapper.queryAll ==== <==    Columns: id, code, simple_name, full_name, description, entrance, order_no, status
2020-02-26 === [http-nio-8086-exec-1] === TRACE === c.h.s.s.mapper.MaintenanceMapper.queryAll ==== <==        Row: 38, daddadasd, dasda, dasdasdas, dasdAS, local1, 123, disabled
2020-02-26 === [http-nio-8086-exec-1] === TRACE === c.h.s.s.mapper.MaintenanceMapper.queryAll ==== <==        Row: 39, Test1, test1, fullTest1, 日报, local1, 1, enable
2020-02-26 === [http-nio-8086-exec-1] === TRACE === c.h.s.s.mapper.MaintenanceMapper.queryAll ==== <==        Row: 40, Test1, test1, fullTest1, 日报, local1, 1, enable
2020-02-26 === [http-nio-8086-exec-1] === TRACE === c.h.s.s.mapper.MaintenanceMapper.queryAll ==== <==        Row: 41, Test1, test1, fullTest1, 日报, local1, 1, enable
2020-02-26 === [http-nio-8086-exec-1] === TRACE === c.h.s.s.mapper.MaintenanceMapper.queryAll ==== <==        Row: 42, fsdaf, test1, fullTest1, 周报, local1, 123, enable
2020-02-26 === [http-nio-8086-exec-1] === TRACE === c.h.s.s.mapper.MaintenanceMapper.queryAll ==== <==        Row: 43, , , , , , null, enable
2020-02-26 === [http-nio-8086-exec-1] === DEBUG === c.h.s.s.mapper.MaintenanceMapper.queryAll ==== <==      Total: 6
2020-02-26 === [http-nio-8086-exec-8] === DEBUG === c.h.s.s.m.MaintenanceMapper.selectByPrimaryKey ==== ==>  Preparing: select id, code, simple_name, full_name, description, entrance, order_no, status from maintenance where id = ? 
2020-02-26 === [http-nio-8086-exec-8] === DEBUG === c.h.s.s.m.MaintenanceMapper.selectByPrimaryKey ==== ==> Parameters: null
2020-02-26 === [http-nio-8086-exec-8] === DEBUG === c.h.s.s.m.MaintenanceMapper.selectByPrimaryKey ==== <==      Total: 0
2020-02-26 === [http-nio-8086-exec-4] === DEBUG === c.h.s.s.mapper.MaintenanceMapper.queryAll ==== ==>  Preparing: select id, code, simple_name, full_name, description, entrance, order_no, status from maintenance 
2020-02-26 === [http-nio-8086-exec-4] === DEBUG === c.h.s.s.mapper.MaintenanceMapper.queryAll ==== ==> Parameters: 
2020-02-26 === [http-nio-8086-exec-4] === TRACE === c.h.s.s.mapper.MaintenanceMapper.queryAll ==== <==    Columns: id, code, simple_name, full_name, description, entrance, order_no, status
2020-02-26 === [http-nio-8086-exec-4] === TRACE === c.h.s.s.mapper.MaintenanceMapper.queryAll ==== <==        Row: 38, daddadasd, dasda, dasdasdas, dasdAS, local1, 123, disabled
2020-02-26 === [http-nio-8086-exec-4] === TRACE === c.h.s.s.mapper.MaintenanceMapper.queryAll ==== <==        Row: 39, Test1, test1, fullTest1, 日报, local1, 1, enable
2020-02-26 === [http-nio-8086-exec-4] === TRACE === c.h.s.s.mapper.MaintenanceMapper.queryAll ==== <==        Row: 40, Test1, test1, fullTest1, 日报, local1, 1, enable
2020-02-26 === [http-nio-8086-exec-4] === TRACE === c.h.s.s.mapper.MaintenanceMapper.queryAll ==== <==        Row: 41, Test1, test1, fullTest1, 日报, local1, 1, enable
2020-02-26 === [http-nio-8086-exec-4] === TRACE === c.h.s.s.mapper.MaintenanceMapper.queryAll ==== <==        Row: 42, fsdaf, test1, fullTest1, 周报, local1, 123, enable
2020-02-26 === [http-nio-8086-exec-4] === TRACE === c.h.s.s.mapper.MaintenanceMapper.queryAll ==== <==        Row: 43, , , , , , null, enable
2020-02-26 === [http-nio-8086-exec-4] === DEBUG === c.h.s.s.mapper.MaintenanceMapper.queryAll ==== <==      Total: 6
2020-02-26 === [SpringContextShutdownHook] === INFO  === o.s.scheduling.concurrent.ThreadPoolTaskExecutor ==== Shutting down ExecutorService 'applicationTaskExecutor'
2020-02-26 === [SpringContextShutdownHook] === INFO  === com.zaxxer.hikari.HikariDataSource ==== HikariPool-2 - Shutdown initiated...
2020-02-26 === [SpringContextShutdownHook] === INFO  === com.zaxxer.hikari.HikariDataSource ==== HikariPool-2 - Shutdown completed.
2020-02-26 === [restartedMain] === INFO  === c.h.s.s.SystemmaintenanceApplication ==== Starting SystemmaintenanceApplication on LAPTOP-RJ3QL4N2 with PID 9296 (started by FuLele in D:\Program Files\IDEAWorkSpace\systemmaintenance)
2020-02-26 === [restartedMain] === DEBUG === c.h.s.s.SystemmaintenanceApplication ==== Running with Spring Boot v2.2.4.RELEASE, Spring v5.2.3.RELEASE
2020-02-26 === [restartedMain] === INFO  === c.h.s.s.SystemmaintenanceApplication ==== The following profiles are active: dev
2020-02-26 === [restartedMain] === INFO  === o.s.b.d.env.DevToolsPropertyDefaultsPostProcessor ==== Devtools property defaults active! Set 'spring.devtools.add-properties' to 'false' to disable
2020-02-26 === [restartedMain] === INFO  === o.s.b.d.env.DevToolsPropertyDefaultsPostProcessor ==== For additional web related logging consider setting the 'logging.level.web' property to 'DEBUG'
2020-02-26 === [restartedMain] === INFO  === o.s.boot.web.embedded.tomcat.TomcatWebServer ==== Tomcat initialized with port(s): 8086 (http)
2020-02-26 === [restartedMain] === INFO  === org.apache.catalina.core.StandardService ==== Starting service [Tomcat]
2020-02-26 === [restartedMain] === INFO  === org.apache.catalina.core.StandardEngine ==== Starting Servlet engine: [Apache Tomcat/9.0.30]
2020-02-26 === [restartedMain] === INFO  === o.a.c.core.ContainerBase.[Tomcat].[localhost].[/] ==== Initializing Spring embedded WebApplicationContext
2020-02-26 === [restartedMain] === INFO  === org.springframework.web.context.ContextLoader ==== Root WebApplicationContext: initialization completed in 1116 ms
2020-02-26 === [restartedMain] === INFO  === o.s.scheduling.concurrent.ThreadPoolTaskExecutor ==== Initializing ExecutorService 'applicationTaskExecutor'
2020-02-26 === [restartedMain] === INFO  === o.s.b.d.autoconfigure.OptionalLiveReloadServer ==== LiveReload server is running on port 35729
2020-02-26 === [restartedMain] === INFO  === o.s.boot.web.embedded.tomcat.TomcatWebServer ==== Tomcat started on port(s): 8086 (http) with context path ''
2020-02-26 === [restartedMain] === INFO  === c.h.s.s.SystemmaintenanceApplication ==== Started SystemmaintenanceApplication in 2.578 seconds (JVM running for 4.26)
2020-02-26 === [http-nio-8086-exec-2] === INFO  === o.a.c.core.ContainerBase.[Tomcat].[localhost].[/] ==== Initializing Spring DispatcherServlet 'dispatcherServlet'
2020-02-26 === [http-nio-8086-exec-2] === INFO  === org.springframework.web.servlet.DispatcherServlet ==== Initializing Servlet 'dispatcherServlet'
2020-02-26 === [http-nio-8086-exec-2] === INFO  === org.springframework.web.servlet.DispatcherServlet ==== Completed initialization in 5 ms
2020-02-26 === [http-nio-8086-exec-2] === INFO  === com.zaxxer.hikari.HikariDataSource ==== HikariPool-1 - Starting...
2020-02-26 === [http-nio-8086-exec-2] === WARN  === com.zaxxer.hikari.util.DriverDataSource ==== Registered driver with driverClassName=com.mysql.jdbc.Driver was not found, trying direct instantiation.
2020-02-26 === [http-nio-8086-exec-2] === INFO  === com.zaxxer.hikari.HikariDataSource ==== HikariPool-1 - Start completed.
2020-02-26 === [http-nio-8086-exec-2] === DEBUG === c.h.s.s.mapper.MaintenanceMapper.queryAll ==== ==>  Preparing: select id, code, simple_name, full_name, description, entrance, order_no, status from maintenance 
2020-02-26 === [http-nio-8086-exec-2] === DEBUG === c.h.s.s.mapper.MaintenanceMapper.queryAll ==== ==> Parameters: 
2020-02-26 === [http-nio-8086-exec-2] === TRACE === c.h.s.s.mapper.MaintenanceMapper.queryAll ==== <==    Columns: id, code, simple_name, full_name, description, entrance, order_no, status
2020-02-26 === [http-nio-8086-exec-2] === TRACE === c.h.s.s.mapper.MaintenanceMapper.queryAll ==== <==        Row: 38, daddadasd, dasda, dasdasdas, dasdAS, local1, 123, disabled
2020-02-26 === [http-nio-8086-exec-2] === TRACE === c.h.s.s.mapper.MaintenanceMapper.queryAll ==== <==        Row: 39, Test1, test1, fullTest1, 日报, local1, 1, enable
2020-02-26 === [http-nio-8086-exec-2] === TRACE === c.h.s.s.mapper.MaintenanceMapper.queryAll ==== <==        Row: 40, Test1, test1, fullTest1, 日报, local1, 1, enable
2020-02-26 === [http-nio-8086-exec-2] === TRACE === c.h.s.s.mapper.MaintenanceMapper.queryAll ==== <==        Row: 41, Test1, test1, fullTest1, 日报, local1, 1, enable
2020-02-26 === [http-nio-8086-exec-2] === TRACE === c.h.s.s.mapper.MaintenanceMapper.queryAll ==== <==        Row: 42, fsdaf, test1, fullTest1, 周报, local1, 123, enable
2020-02-26 === [http-nio-8086-exec-2] === TRACE === c.h.s.s.mapper.MaintenanceMapper.queryAll ==== <==        Row: 43, , , , , , null, enable
2020-02-26 === [http-nio-8086-exec-2] === DEBUG === c.h.s.s.mapper.MaintenanceMapper.queryAll ==== <==      Total: 6
2020-02-26 === [Thread-10] === INFO  === o.s.scheduling.concurrent.ThreadPoolTaskExecutor ==== Shutting down ExecutorService 'applicationTaskExecutor'
2020-02-26 === [Thread-10] === INFO  === com.zaxxer.hikari.HikariDataSource ==== HikariPool-1 - Shutdown initiated...
2020-02-26 === [Thread-10] === INFO  === com.zaxxer.hikari.HikariDataSource ==== HikariPool-1 - Shutdown completed.
2020-02-26 === [restartedMain] === INFO  === c.h.s.s.SystemmaintenanceApplication ==== Starting SystemmaintenanceApplication on LAPTOP-RJ3QL4N2 with PID 9296 (started by FuLele in D:\Program Files\IDEAWorkSpace\systemmaintenance)
2020-02-26 === [restartedMain] === DEBUG === c.h.s.s.SystemmaintenanceApplication ==== Running with Spring Boot v2.2.4.RELEASE, Spring v5.2.3.RELEASE
2020-02-26 === [restartedMain] === INFO  === c.h.s.s.SystemmaintenanceApplication ==== The following profiles are active: dev
2020-02-26 === [restartedMain] === INFO  === o.s.boot.web.embedded.tomcat.TomcatWebServer ==== Tomcat initialized with port(s): 8086 (http)
2020-02-26 === [restartedMain] === INFO  === org.apache.catalina.core.StandardService ==== Starting service [Tomcat]
2020-02-26 === [restartedMain] === INFO  === org.apache.catalina.core.StandardEngine ==== Starting Servlet engine: [Apache Tomcat/9.0.30]
2020-02-26 === [restartedMain] === INFO  === o.a.c.core.ContainerBase.[Tomcat].[localhost].[/] ==== Initializing Spring embedded WebApplicationContext
2020-02-26 === [restartedMain] === INFO  === org.springframework.web.context.ContextLoader ==== Root WebApplicationContext: initialization completed in 300 ms
2020-02-26 === [restartedMain] === INFO  === o.s.scheduling.concurrent.ThreadPoolTaskExecutor ==== Initializing ExecutorService 'applicationTaskExecutor'
2020-02-26 === [restartedMain] === INFO  === o.s.b.d.autoconfigure.OptionalLiveReloadServer ==== LiveReload server is running on port 35729
2020-02-26 === [restartedMain] === INFO  === o.s.boot.web.embedded.tomcat.TomcatWebServer ==== Tomcat started on port(s): 8086 (http) with context path ''
2020-02-26 === [restartedMain] === INFO  === c.h.s.s.SystemmaintenanceApplication ==== Started SystemmaintenanceApplication in 0.52 seconds (JVM running for 64.197)
2020-02-26 === [restartedMain] === INFO  === o.s.b.d.a.ConditionEvaluationDeltaLoggingListener ==== Condition evaluation unchanged
2020-02-26 === [http-nio-8086-exec-2] === INFO  === o.a.c.core.ContainerBase.[Tomcat].[localhost].[/] ==== Initializing Spring DispatcherServlet 'dispatcherServlet'
2020-02-26 === [http-nio-8086-exec-2] === INFO  === org.springframework.web.servlet.DispatcherServlet ==== Initializing Servlet 'dispatcherServlet'
2020-02-26 === [http-nio-8086-exec-2] === INFO  === org.springframework.web.servlet.DispatcherServlet ==== Completed initialization in 6 ms
2020-02-26 === [http-nio-8086-exec-2] === INFO  === com.zaxxer.hikari.HikariDataSource ==== HikariPool-2 - Starting...
2020-02-26 === [http-nio-8086-exec-2] === WARN  === com.zaxxer.hikari.util.DriverDataSource ==== Registered driver with driverClassName=com.mysql.jdbc.Driver was not found, trying direct instantiation.
2020-02-26 === [http-nio-8086-exec-2] === INFO  === com.zaxxer.hikari.HikariDataSource ==== HikariPool-2 - Start completed.
2020-02-26 === [http-nio-8086-exec-2] === DEBUG === c.h.s.s.mapper.MaintenanceMapper.queryAll ==== ==>  Preparing: select id, code, simple_name, full_name, description, entrance, order_no, status from maintenance 
2020-02-26 === [http-nio-8086-exec-2] === DEBUG === c.h.s.s.mapper.MaintenanceMapper.queryAll ==== ==> Parameters: 
2020-02-26 === [http-nio-8086-exec-2] === TRACE === c.h.s.s.mapper.MaintenanceMapper.queryAll ==== <==    Columns: id, code, simple_name, full_name, description, entrance, order_no, status
2020-02-26 === [http-nio-8086-exec-2] === TRACE === c.h.s.s.mapper.MaintenanceMapper.queryAll ==== <==        Row: 38, daddadasd, dasda, dasdasdas, dasdAS, local1, 123, disabled
2020-02-26 === [http-nio-8086-exec-2] === TRACE === c.h.s.s.mapper.MaintenanceMapper.queryAll ==== <==        Row: 39, Test1, test1, fullTest1, 日报, local1, 1, enable
2020-02-26 === [http-nio-8086-exec-2] === TRACE === c.h.s.s.mapper.MaintenanceMapper.queryAll ==== <==        Row: 40, Test1, test1, fullTest1, 日报, local1, 1, enable
2020-02-26 === [http-nio-8086-exec-2] === TRACE === c.h.s.s.mapper.MaintenanceMapper.queryAll ==== <==        Row: 41, Test1, test1, fullTest1, 日报, local1, 1, enable
2020-02-26 === [http-nio-8086-exec-2] === TRACE === c.h.s.s.mapper.MaintenanceMapper.queryAll ==== <==        Row: 42, fsdaf, test1, fullTest1, 周报, local1, 123, enable
2020-02-26 === [http-nio-8086-exec-2] === TRACE === c.h.s.s.mapper.MaintenanceMapper.queryAll ==== <==        Row: 43, , , , , , null, enable
2020-02-26 === [http-nio-8086-exec-2] === DEBUG === c.h.s.s.mapper.MaintenanceMapper.queryAll ==== <==      Total: 6
2020-02-26 === [SpringContextShutdownHook] === INFO  === o.s.scheduling.concurrent.ThreadPoolTaskExecutor ==== Shutting down ExecutorService 'applicationTaskExecutor'
2020-02-26 === [SpringContextShutdownHook] === INFO  === com.zaxxer.hikari.HikariDataSource ==== HikariPool-2 - Shutdown initiated...
2020-02-26 === [SpringContextShutdownHook] === INFO  === com.zaxxer.hikari.HikariDataSource ==== HikariPool-2 - Shutdown completed.
